<?xml version="1.0" encoding="UTF-8"?>
<!-- Generated by org.testng.reporters.JUnitXMLReporter -->
<testsuite ignored="0" hostname="akakss-CWHSDC4" failures="0" tests="31" name="Surefire test" time="7.136" errors="0" timestamp="2026-09-16T15:08:01 IST">
  <testcase classname="com.oracle.orderapp.controllers.OrderControllerTest" name="checkoutUsesRequiredHeadersAndReturnsCreated" time="0.212"/>
  <testcase classname="com.oracle.orderapp.controllers.OrderControllerTest" name="missingIdentityHeaderReturnsStandardBadRequestWithoutCallingService" time="0.011"/>
  <testcase classname="com.oracle.orderapp.controllers.OrderControllerTest" name="reportUsesUserIdQueryParameter" time="0.011"/>
  <testcase classname="com.oracle.orderapp.entities.AttemptLifecycleTest" name="checkoutAttemptRejectsBackwardTransition" time="0.001"/>
  <testcase classname="com.oracle.orderapp.entities.AttemptLifecycleTest" name="checkoutAttemptTracksOrderedSteps" time="0.0"/>
  <testcase classname="com.oracle.orderapp.entities.OrderItemTest" name="calculatesRoundedDoubleSubtotal" time="0.0"/>
  <testcase classname="com.oracle.orderapp.entities.OrderLifecycleTest" name="newOrderDefaultsToPlaced" time="0.0"/>
  <testcase classname="com.oracle.orderapp.integration.OrderAppHttpOrchestrationTest" name="actuatorHealthEndpointIsAvailable" time="0.094"/>
  <testcase classname="com.oracle.orderapp.integration.OrderAppHttpOrchestrationTest" name="cancellationRestoresAndRefundsOnceAcrossDuplicateRequests" time="0.322"/>
  <testcase classname="com.oracle.orderapp.integration.OrderAppHttpOrchestrationTest" name="checkoutPersistsOnceAndDuplicateKeyDoesNotRepeatMutations" time="0.081"/>
  <testcase classname="com.oracle.orderapp.integration.OrderAppHttpOrchestrationTest" name="fundsConflictRestoresInventoryAndLeavesNoOrder" time="0.039"/>
  <testcase classname="com.oracle.orderapp.integration.RestClientsHttpContractTest" name="everyAdapterUsesTheDocumentedServicePathAndJsonContract" time="0.046"/>
  <testcase classname="com.oracle.orderapp.OrderAppApplicationTests" name="contextLoadsWithoutDownstreamServices" time="0.0"/>
  <testcase classname="com.oracle.orderapp.repositories.OrderRepositoryTest" name="findsUserHistoryNewestFirst" time="0.02"/>
  <testcase classname="com.oracle.orderapp.services.CheckoutServiceImplTest" name="ambiguousDebitTimeoutIsRefundedAndReplayedWithTheOriginalStatus" time="0.009"/>
  <testcase classname="com.oracle.orderapp.services.CheckoutServiceImplTest" name="blankProductNameInInventorySnapshotIsRejectedAndInventoryIsRestored" time="0.003"/>
  <testcase classname="com.oracle.orderapp.services.CheckoutServiceImplTest" name="checkoutPersistsPlacedOrderFromDownstreamSnapshots" time="0.004"/>
  <testcase classname="com.oracle.orderapp.services.CheckoutServiceImplTest" name="failureBeforeCartCheckoutDoesNotRestoreAnUnchangedCart" time="0.003"/>
  <testcase classname="com.oracle.orderapp.services.CheckoutServiceImplTest" name="incompleteCompensationReturnsServiceUnavailableAndStillTriesAllReverseSteps" time="0.006"/>
  <testcase classname="com.oracle.orderapp.services.CheckoutServiceImplTest" name="insufficientFundsRestoresInventoryAndDoesNotSaveOrder" time="0.003"/>
  <testcase classname="com.oracle.orderapp.services.CheckoutServiceImplTest" name="invalidRefundAcknowledgementLeavesCompensationIncomplete" time="0.002"/>
  <testcase classname="com.oracle.orderapp.services.CheckoutServiceImplTest" name="orderSaveFailureRefundsTheExactDebitedAmountThenRestoresInventory" time="0.001"/>
  <testcase classname="com.oracle.orderapp.services.CheckoutServiceImplTest" name="resumesAnOrderSavedAttemptWithoutRepeatingInventoryOrFunds" time="0.002"/>
  <testcase classname="com.oracle.orderapp.services.CheckoutServiceImplTest" name="retryReconcilesCartCheckedOutBeforeItsStepWasPersisted" time="0.002"/>
  <testcase classname="com.oracle.orderapp.services.OrderManagementServiceImplTest" name="cancellationRejectsNonFiniteRefundAcknowledgement" time="0.002"/>
  <testcase classname="com.oracle.orderapp.services.OrderManagementServiceImplTest" name="cancellationRestoresInventoryRefundsFundsAndCancelsOrder" time="0.001"/>
  <testcase classname="com.oracle.orderapp.services.OrderManagementServiceImplTest" name="cancellationRetryAfterInventoryRestoreDoesNotRestoreStockTwice" time="0.003"/>
  <testcase classname="com.oracle.orderapp.services.OrderManagementServiceImplTest" name="differentKeyCannotStartASecondCancellationForTheSameOrder" time="0.001"/>
  <testcase classname="com.oracle.orderapp.services.OrderManagementServiceImplTest" name="employeeAdvancesOrderToNextStatus" time="0.0"/>
  <testcase classname="com.oracle.orderapp.services.OrderQueryServiceImplTest" name="rejectsAnInvertedReportRange" time="0.001"/>
  <testcase classname="com.oracle.orderapp.services.OrderQueryServiceImplTest" name="verifiedEmployeeReceivesRoundedReportAggregation" time="0.002"/>
</testsuite> <!-- Surefire test -->
