<?xml version="1.0" encoding="UTF-8"?>
<testsuite xmlns:xsi="http://www.w3.org/2001/XMLSchema-instance" xsi:noNamespaceSchemaLocation="https://maven.apache.org/surefire/maven-surefire-plugin/xsd/surefire-test-report.xsd" version="3.0.2" name="TestSuite" time="8.057" tests="31" errors="0" skipped="0" failures="0" flakes="0">
  <properties>
[...]
</properties>
  <testcase name="checkoutUsesRequiredHeadersAndReturnsCreated" classname="com.oracle.orderapp.controllers.OrderControllerTest" time="0.214">
    <system-out><![CDATA[15:07:53.780 [main] INFO org.springframework.test.context.support.AnnotationConfigContextLoaderUtils -- Could not detect default configuration classes for test class [com.oracle.orderapp.integration.OrderAppHttpOrchestrationTest]: OrderAppHttpOrchestrationTest does not declare any static, non-private, non-final, nested classes annotated with @Configuration.
15:07:53.882 [main] INFO org.springframework.boot.test.context.SpringBootTestContextBootstrapper -- Found @SpringBootConfiguration com.oracle.orderapp.OrderAppApplication for test class com.oracle.orderapp.integration.OrderAppHttpOrchestrationTest
15:07:53.945 [main] INFO org.springframework.test.context.support.AnnotationConfigContextLoaderUtils -- Could not detect default configuration classes for test class [com.oracle.orderapp.integration.OrderAppHttpOrchestrationTest]: OrderAppHttpOrchestrationTest does not declare any static, non-private, non-final, nested classes annotated with @Configuration.
15:07:53.945 [main] INFO org.springframework.test.context.support.AnnotationConfigContextLoaderUtils -- Could not detect default configuration classes for test class [org.springframework.test.context.testng.AbstractTestNGSpringContextTests]: AbstractTestNGSpringContextTests does not declare any static, non-private, non-final, nested classes annotated with @Configuration.
15:07:53.947 [main] INFO org.springframework.boot.test.context.SpringBootTestContextBootstrapper -- Found @SpringBootConfiguration com.oracle.orderapp.OrderAppApplication for test class com.oracle.orderapp.integration.OrderAppHttpOrchestrationTest
15:07:53.973 [main] WARN org.testng.internal.Configuration -- Detected a static method [com.oracle.orderapp.integration.OrderAppHttpOrchestrationTest.stopStub()]. Static configuration methods can cause unexpected behavior.
15:07:53.979 [main] INFO org.springframework.test.context.support.AnnotationConfigContextLoaderUtils -- Could not detect default configuration classes for test class [com.oracle.orderapp.OrderAppApplicationTests]: OrderAppApplicationTests does not declare any static, non-private, non-final, nested classes annotated with @Configuration.
15:07:53.991 [main] INFO org.springframework.boot.test.context.SpringBootTestContextBootstrapper -- Found @SpringBootConfiguration com.oracle.orderapp.OrderAppApplication for test class com.oracle.orderapp.OrderAppApplicationTests
15:07:53.993 [main] INFO org.springframework.test.context.support.AnnotationConfigContextLoaderUtils -- Could not detect default configuration classes for test class [com.oracle.orderapp.OrderAppApplicationTests]: OrderAppApplicationTests does not declare any static, non-private, non-final, nested classes annotated with @Configuration.
15:07:53.993 [main] INFO org.springframework.test.context.support.AnnotationConfigContextLoaderUtils -- Could not detect default configuration classes for test class [org.springframework.test.context.testng.AbstractTestNGSpringContextTests]: AbstractTestNGSpringContextTests does not declare any static, non-private, non-final, nested classes annotated with @Configuration.
15:07:53.994 [main] INFO org.springframework.boot.test.context.SpringBootTestContextBootstrapper -- Found @SpringBootConfiguration com.oracle.orderapp.OrderAppApplication for test class com.oracle.orderapp.OrderAppApplicationTests
15:07:54.017 [main] INFO org.springframework.test.context.support.AnnotationConfigContextLoaderUtils -- Could not detect default configuration classes for test class [com.oracle.orderapp.repositories.OrderRepositoryTest]: OrderRepositoryTest does not declare any static, non-private, non-final, nested classes annotated with @Configuration.
15:07:54.054 [main] INFO org.springframework.boot.test.context.SpringBootTestContextBootstrapper -- Found @SpringBootConfiguration com.oracle.orderapp.OrderAppApplication for test class com.oracle.orderapp.repositories.OrderRepositoryTest
15:07:54.055 [main] INFO org.springframework.test.context.support.AnnotationConfigContextLoaderUtils -- Could not detect default configuration classes for test class [com.oracle.orderapp.repositories.OrderRepositoryTest]: OrderRepositoryTest does not declare any static, non-private, non-final, nested classes annotated with @Configuration.
15:07:54.055 [main] INFO org.springframework.test.context.support.AnnotationConfigContextLoaderUtils -- Could not detect default configuration classes for test class [org.springframework.test.context.testng.AbstractTestNGSpringContextTests]: AbstractTestNGSpringContextTests does not declare any static, non-private, non-final, nested classes annotated with @Configuration.
15:07:54.072 [main] INFO org.springframework.boot.test.context.SpringBootTestContextBootstrapper -- Found @SpringBootConfiguration com.oracle.orderapp.OrderAppApplication for test class com.oracle.orderapp.repositories.OrderRepositoryTest
15:07:55.026 [main] INFO org.hibernate.validator.internal.util.Version -- HV000001: Hibernate Validator 9.1.3.Final
15:07:55.243 [main] INFO org.springframework.mock.web.MockServletContext -- Initializing Spring TestDispatcherServlet ''
15:07:55.243 [main] INFO org.springframework.test.web.servlet.TestDispatcherServlet -- Initializing Servlet ''
15:07:55.245 [main] INFO org.springframework.test.web.servlet.TestDispatcherServlet -- Completed initialization in 2 ms
]]></system-out>
    <system-err><![CDATA[Mockito is currently self-attaching to enable the inline-mock-maker. This will no longer work in future releases of the JDK. Please add Mockito as an agent to your build as described in Mockito's documentation: https://javadoc.io/doc/org.mockito/mockito-core/latest/org.mockito/org/mockito/Mockito.html#0.3
WARNING: A Java agent has been loaded dynamically (C:\Users\akash\.m2\repository\net\bytebuddy\byte-buddy-agent\1.18.11\byte-buddy-agent-1.18.11.jar)
WARNING: If a serviceability tool is in use, please run with -XX:+EnableDynamicAgentLoading to hide this warning
WARNING: If a serviceability tool is not in use, please run with -Djdk.instrument.traceUsage for more information
WARNING: Dynamic loading of agents will be disallowed by default in a future release
]]></system-err>
  </testcase>
  <testcase name="missingIdentityHeaderReturnsStandardBadRequestWithoutCallingService" classname="com.oracle.orderapp.controllers.OrderControllerTest" time="0.005">
    <system-out><![CDATA[15:07:55.470 [main] INFO org.springframework.mock.web.MockServletContext -- Initializing Spring TestDispatcherServlet ''
15:07:55.470 [main] INFO org.springframework.test.web.servlet.TestDispatcherServlet -- Initializing Servlet ''
15:07:55.470 [main] INFO org.springframework.test.web.servlet.TestDispatcherServlet -- Completed initialization in 0 ms
]]></system-out>
  </testcase>
  <testcase name="reportUsesUserIdQueryParameter" classname="com.oracle.orderapp.controllers.OrderControllerTest" time="0.011">
    <system-out><![CDATA[15:07:55.489 [main] INFO org.springframework.mock.web.MockServletContext -- Initializing Spring TestDispatcherServlet ''
15:07:55.489 [main] INFO org.springframework.test.web.servlet.TestDispatcherServlet -- Initializing Servlet ''
15:07:55.489 [main] INFO org.springframework.test.web.servlet.TestDispatcherServlet -- Completed initialization in 0 ms
]]></system-out>
  </testcase>
  <testcase name="checkoutAttemptRejectsBackwardTransition" classname="com.oracle.orderapp.entities.AttemptLifecycleTest" time="0.001"/>
  <testcase name="checkoutAttemptTracksOrderedSteps" classname="com.oracle.orderapp.entities.AttemptLifecycleTest" time="0.001"/>
  <testcase name="calculatesRoundedDoubleSubtotal" classname="com.oracle.orderapp.entities.OrderItemTest" time="0.001"/>
  <testcase name="newOrderDefaultsToPlaced" classname="com.oracle.orderapp.entities.OrderLifecycleTest" time="0.0"/>
  <testcase name="actuatorHealthEndpointIsAvailable" classname="com.oracle.orderapp.integration.OrderAppHttpOrchestrationTest" time="0.094">
    <system-out><![CDATA[15:07:55.531 [main] INFO org.springframework.boot.devtools.restart.RestartApplicationListener -- Restart disabled due to context in which it is running

  .   ____          _            __ _ _
 /\\ / ___'_ __ _ _(_)_ __  __ _ \ \ \ \
( ( )\___ | '_ | '_| | '_ \/ _` | \ \ \ \
 \\/  ___)| |_)| | | | | || (_| |  ) ) ) )
  '  |____| .__|_| |_|_| |_\__, | / / / /
 =========|_|==============|___/=/_/_/_/

 :: Spring Boot ::                (v4.1.1)

2026-09-16T15:07:55.773+05:30  INFO 18564 --- [OrderApp] [           main] c.o.o.i.OrderAppHttpOrchestrationTest    : Starting OrderAppHttpOrchestrationTest using Java 25.0.4 with PID 18564 (C:\Users\akash\Documents\Grocers E-commerce\grocers-project\backend\OrderApp\target\test-classes started by akash in C:\Users\akash\Documents\Grocers E-commerce\grocers-project\backend\OrderApp)
2026-09-16T15:07:55.774+05:30  INFO 18564 --- [OrderApp] [           main] c.o.o.i.OrderAppHttpOrchestrationTest    : The following 1 profile is active: "test"
2026-09-16T15:07:56.370+05:30  INFO 18564 --- [OrderApp] [           main] .s.d.r.c.RepositoryConfigurationDelegate : Bootstrapping Spring Data JPA repositories in DEFAULT mode.
2026-09-16T15:07:56.423+05:30  INFO 18564 --- [OrderApp] [           main] .s.d.r.c.RepositoryConfigurationDelegate : Finished Spring Data repository scanning in 47 ms. Found 3 JPA repository interfaces.
2026-09-16T15:07:56.877+05:30  INFO 18564 --- [OrderApp] [           main] o.s.boot.tomcat.TomcatWebServer          : Tomcat initialized with port 0 (http)
2026-09-16T15:07:56.888+05:30  INFO 18564 --- [OrderApp] [           main] o.apache.catalina.core.StandardService   : Starting service [Tomcat]
2026-09-16T15:07:56.889+05:30  INFO 18564 --- [OrderApp] [           main] o.apache.catalina.core.StandardEngine    : Starting Servlet engine: [Apache Tomcat/11.0.24]
2026-09-16T15:07:56.936+05:30  INFO 18564 --- [OrderApp] [           main] b.w.c.s.WebApplicationContextInitializer : Root WebApplicationContext: initialization completed in 1144 ms
2026-09-16T15:07:57.193+05:30  INFO 18564 --- [OrderApp] [           main] org.hibernate.orm.jpa                    : HHH008540: Processing PersistenceUnitInfo [name: default]
2026-09-16T15:07:57.251+05:30  INFO 18564 --- [OrderApp] [           main] org.hibernate.orm.core                   : HHH000001: Hibernate ORM core version 7.4.5.Final
2026-09-16T15:07:57.480+05:30  INFO 18564 --- [OrderApp] [           main] o.s.o.j.p.SpringPersistenceUnitInfo      : No LoadTimeWeaver setup: ignoring JPA class transformer
2026-09-16T15:07:57.503+05:30  INFO 18564 --- [OrderApp] [           main] com.zaxxer.hikari.HikariDataSource       : HikariPool-1 - Starting...
2026-09-16T15:07:57.726+05:30  INFO 18564 --- [OrderApp] [           main] com.zaxxer.hikari.pool.HikariPool        : HikariPool-1 - Added connection conn0: url=jdbc:h2:mem:orders user=SA
2026-09-16T15:07:57.727+05:30  INFO 18564 --- [OrderApp] [           main] com.zaxxer.hikari.HikariDataSource       : HikariPool-1 - Start completed.
2026-09-16T15:07:57.771+05:30  INFO 18564 --- [OrderApp] [           main] org.hibernate.orm.connections.pooling    : HHH10001005: Database info:
	Database JDBC URL [jdbc:h2:mem:orders]
	Database driver: H2 JDBC Driver
	Database dialect: H2Dialect
	Database version: 2.4.240
	Default catalog/schema: ORDERS/PUBLIC
	Autocommit mode: undefined/unknown
	Isolation level: READ_COMMITTED [default READ_COMMITTED]
	JDBC fetch size: 100
	Pool: DataSourceConnectionProvider
	Minimum pool size: undefined/unknown
	Maximum pool size: undefined/unknown
2026-09-16T15:07:58.410+05:30  INFO 18564 --- [OrderApp] [           main] org.hibernate.orm.core                   : HHH000489: No JTA platform available (set 'hibernate.transaction.jta.platform' to enable JTA platform integration)
2026-09-16T15:07:58.459+05:30  INFO 18564 --- [OrderApp] [           main] j.LocalContainerEntityManagerFactoryBean : Initialized JPA EntityManagerFactory for persistence unit 'default'
2026-09-16T15:07:58.547+05:30  INFO 18564 --- [OrderApp] [           main] o.s.d.j.r.query.QueryEnhancerFactories   : Hibernate is in classpath; If applicable, HQL parser will be used.
2026-09-16T15:07:59.007+05:30  INFO 18564 --- [OrderApp] [           main] o.s.b.a.e.web.EndpointLinksResolver      : Exposing 2 endpoints beneath base path '/actuator'
2026-09-16T15:07:59.086+05:30  INFO 18564 --- [OrderApp] [           main] o.s.boot.tomcat.TomcatWebServer          : Tomcat started on port 50581 (http) with context path '/'
2026-09-16T15:07:59.091+05:30  INFO 18564 --- [OrderApp] [           main] c.o.o.i.OrderAppHttpOrchestrationTest    : Started OrderAppHttpOrchestrationTest in 3.566 seconds (process running for 6.01)
2026-09-16T15:07:59.288+05:30  INFO 18564 --- [OrderApp] [o-auto-1-exec-1] o.a.c.c.C.[Tomcat].[localhost].[/]       : Initializing Spring DispatcherServlet 'dispatcherServlet'
2026-09-16T15:07:59.288+05:30  INFO 18564 --- [OrderApp] [o-auto-1-exec-1] o.s.web.servlet.DispatcherServlet        : Initializing Servlet 'dispatcherServlet'
2026-09-16T15:07:59.288+05:30  INFO 18564 --- [OrderApp] [o-auto-1-exec-1] o.s.web.servlet.DispatcherServlet        : Completed initialization in 0 ms
]]></system-out>
  </testcase>
  <testcase name="cancellationRestoresAndRefundsOnceAcrossDuplicateRequests" classname="com.oracle.orderapp.integration.OrderAppHttpOrchestrationTest" time="0.321"/>
  <testcase name="checkoutPersistsOnceAndDuplicateKeyDoesNotRepeatMutations" classname="com.oracle.orderapp.integration.OrderAppHttpOrchestrationTest" time="0.08"/>
  <testcase name="fundsConflictRestoresInventoryAndLeavesNoOrder" classname="com.oracle.orderapp.integration.OrderAppHttpOrchestrationTest" time="0.039"/>
  <testcase name="everyAdapterUsesTheDocumentedServicePathAndJsonContract" classname="com.oracle.orderapp.integration.RestClientsHttpContractTest" time="0.046"/>
  <testcase name="contextLoadsWithoutDownstreamServices" classname="com.oracle.orderapp.OrderAppApplicationTests" time="0.0">
    <system-out><![CDATA[2026-09-16T15:07:59.857+05:30  INFO 18564 --- [OrderApp] [           main] o.s.b.d.r.RestartApplicationListener     : Restart disabled due to context in which it is running

  .   ____          _            __ _ _
 /\\ / ___'_ __ _ _(_)_ __  __ _ \ \ \ \
( ( )\___ | '_ | '_| | '_ \/ _` | \ \ \ \
 \\/  ___)| |_)| | | | | || (_| |  ) ) ) )
  '  |____| .__|_| |_|_| |_\__, | / / / /
 =========|_|==============|___/=/_/_/_/

 :: Spring Boot ::                (v4.1.1)

2026-09-16T15:07:59.877+05:30  INFO 18564 --- [OrderApp] [           main] c.o.orderapp.OrderAppApplicationTests    : Starting OrderAppApplicationTests using Java 25.0.4 with PID 18564 (C:\Users\akash\Documents\Grocers E-commerce\grocers-project\backend\OrderApp\target\test-classes started by akash in C:\Users\akash\Documents\Grocers E-commerce\grocers-project\backend\OrderApp)
2026-09-16T15:07:59.877+05:30  INFO 18564 --- [OrderApp] [           main] c.o.orderapp.OrderAppApplicationTests    : The following 1 profile is active: "test"
2026-09-16T15:08:00.123+05:30  INFO 18564 --- [OrderApp] [           main] .s.d.r.c.RepositoryConfigurationDelegate : Bootstrapping Spring Data JPA repositories in DEFAULT mode.
2026-09-16T15:08:00.149+05:30  INFO 18564 --- [OrderApp] [           main] .s.d.r.c.RepositoryConfigurationDelegate : Finished Spring Data repository scanning in 24 ms. Found 3 JPA repository interfaces.
2026-09-16T15:08:00.213+05:30  INFO 18564 --- [OrderApp] [           main] org.hibernate.orm.jpa                    : HHH008540: Processing PersistenceUnitInfo [name: default]
2026-09-16T15:08:00.229+05:30  INFO 18564 --- [OrderApp] [           main] o.s.o.j.p.SpringPersistenceUnitInfo      : No LoadTimeWeaver setup: ignoring JPA class transformer
2026-09-16T15:08:00.229+05:30  INFO 18564 --- [OrderApp] [           main] com.zaxxer.hikari.HikariDataSource       : HikariPool-2 - Starting...
2026-09-16T15:08:00.230+05:30  INFO 18564 --- [OrderApp] [           main] com.zaxxer.hikari.pool.HikariPool        : HikariPool-2 - Added connection conn10: url=jdbc:h2:mem:orders user=SA
2026-09-16T15:08:00.231+05:30  INFO 18564 --- [OrderApp] [           main] com.zaxxer.hikari.HikariDataSource       : HikariPool-2 - Start completed.
2026-09-16T15:08:00.232+05:30  INFO 18564 --- [OrderApp] [           main] org.hibernate.orm.connections.pooling    : HHH10001005: Database info:
	Database JDBC URL [jdbc:h2:mem:orders]
	Database driver: H2 JDBC Driver
	Database dialect: H2Dialect
	Database version: 2.4.240
	Default catalog/schema: ORDERS/PUBLIC
	Autocommit mode: undefined/unknown
	Isolation level: READ_COMMITTED [default READ_COMMITTED]
	JDBC fetch size: 100
	Pool: DataSourceConnectionProvider
	Minimum pool size: undefined/unknown
	Maximum pool size: undefined/unknown
2026-09-16T15:08:00.297+05:30  INFO 18564 --- [OrderApp] [           main] org.hibernate.orm.core                   : HHH000489: No JTA platform available (set 'hibernate.transaction.jta.platform' to enable JTA platform integration)
2026-09-16T15:08:00.309+05:30  INFO 18564 --- [OrderApp] [           main] j.LocalContainerEntityManagerFactoryBean : Initialized JPA EntityManagerFactory for persistence unit 'default'
2026-09-16T15:08:00.481+05:30  INFO 18564 --- [OrderApp] [           main] o.s.b.a.e.web.EndpointLinksResolver      : Exposing 2 endpoints beneath base path '/actuator'
2026-09-16T15:08:00.491+05:30  INFO 18564 --- [OrderApp] [           main] c.o.orderapp.OrderAppApplicationTests    : Started OrderAppApplicationTests in 0.633 seconds (process running for 7.409)
]]></system-out>
  </testcase>
  <testcase name="findsUserHistoryNewestFirst" classname="com.oracle.orderapp.repositories.OrderRepositoryTest" time="0.02">
    <system-out><![CDATA[2026-09-16T15:08:00.497+05:30  INFO 18564 --- [OrderApp] [           main] o.s.b.d.r.RestartApplicationListener     : Restart disabled due to context in which it is running

  .   ____          _            __ _ _
 /\\ / ___'_ __ _ _(_)_ __  __ _ \ \ \ \
( ( )\___ | '_ | '_| | '_ \/ _` | \ \ \ \
 \\/  ___)| |_)| | | | | || (_| |  ) ) ) )
  '  |____| .__|_| |_|_| |_\__, | / / / /
 =========|_|==============|___/=/_/_/_/

 :: Spring Boot ::                (v4.1.1)

2026-09-16T15:08:00.519+05:30  INFO 18564 --- [OrderApp] [           main] c.o.o.repositories.OrderRepositoryTest   : Starting OrderRepositoryTest using Java 25.0.4 with PID 18564 (C:\Users\akash\Documents\Grocers E-commerce\grocers-project\backend\OrderApp\target\test-classes started by akash in C:\Users\akash\Documents\Grocers E-commerce\grocers-project\backend\OrderApp)
2026-09-16T15:08:00.519+05:30  INFO 18564 --- [OrderApp] [           main] c.o.o.repositories.OrderRepositoryTest   : The following 1 profile is active: "test"
2026-09-16T15:08:00.603+05:30  INFO 18564 --- [OrderApp] [           main] .s.d.r.c.RepositoryConfigurationDelegate : Bootstrapping Spring Data JPA repositories in DEFAULT mode.
2026-09-16T15:08:00.626+05:30  INFO 18564 --- [OrderApp] [           main] .s.d.r.c.RepositoryConfigurationDelegate : Finished Spring Data repository scanning in 22 ms. Found 3 JPA repository interfaces.
2026-09-16T15:08:00.635+05:30  INFO 18564 --- [OrderApp] [           main] beddedDataSourceBeanFactoryPostProcessor : Replacing 'dataSource' DataSource bean with embedded version
2026-09-16T15:08:00.645+05:30  INFO 18564 --- [OrderApp] [           main] o.s.j.d.e.EmbeddedDatabaseFactory        : Starting embedded database: url='jdbc:h2:mem:bcbbc85c-0d5e-4a26-a1e1-88bcd26b54e8;DB_CLOSE_DELAY=-1;DB_CLOSE_ON_EXIT=false', username='sa'
2026-09-16T15:08:00.656+05:30  INFO 18564 --- [OrderApp] [           main] org.hibernate.orm.jpa                    : HHH008540: Processing PersistenceUnitInfo [name: default]
2026-09-16T15:08:00.669+05:30  INFO 18564 --- [OrderApp] [           main] o.s.o.j.p.SpringPersistenceUnitInfo      : No LoadTimeWeaver setup: ignoring JPA class transformer
2026-09-16T15:08:00.671+05:30  INFO 18564 --- [OrderApp] [           main] org.hibernate.orm.connections.pooling    : HHH10001005: Database info:
	Database JDBC URL [jdbc:h2:mem:bcbbc85c-0d5e-4a26-a1e1-88bcd26b54e8]
	Database driver: H2 JDBC Driver
	Database dialect: H2Dialect
	Database version: 2.4.240
	Default catalog/schema: BCBBC85C-0D5E-4A26-A1E1-88BCD26B54E8/PUBLIC
	Autocommit mode: undefined/unknown
	Isolation level: READ_COMMITTED [default READ_COMMITTED]
	JDBC fetch size: 100
	Pool: DataSourceConnectionProvider
	Minimum pool size: undefined/unknown
	Maximum pool size: undefined/unknown
2026-09-16T15:08:00.725+05:30  INFO 18564 --- [OrderApp] [           main] org.hibernate.orm.core                   : HHH000489: No JTA platform available (set 'hibernate.transaction.jta.platform' to enable JTA platform integration)
Hibernate: drop table if exists cancellation_attempts cascade 
Hibernate: drop table if exists checkout_attempts cascade 
Hibernate: drop table if exists order_items cascade 
Hibernate: drop table if exists orders cascade 
Hibernate: create table cancellation_attempts (employee_id integer not null, id integer generated by default as identity, created_at timestamp(6) not null, updated_at timestamp(6) not null, version bigint not null, order_number varchar(50) not null unique, failure_code varchar(100), operation_key varchar(100) not null unique, failure_message varchar(1000), reason varchar(1000) not null, step enum ('COMPLETED','FAILED','FUNDS_REFUNDED','INVENTORY_RESTORED','ORDER_CANCELLED','STARTED') not null, primary key (id))
Hibernate: create table checkout_attempts (cart_id integer not null, cart_mutation_attempted boolean not null, debited_amount float(53), failure_status integer, funds_mutation_attempted boolean not null, id integer generated by default as identity, inventory_mutation_attempted boolean not null, order_id integer, user_id integer not null, created_at timestamp(6) not null, processing_expires_at timestamp(6), updated_at timestamp(6) not null, version bigint not null, processing_token varchar(36), order_number varchar(50) not null unique, failure_code varchar(100), idempotency_key varchar(100) not null unique, failure_message varchar(1000), compensation_from_step enum ('CART_CHECKED_OUT','COMPENSATED','COMPENSATING','COMPLETED','FAILED','FUNDS_DEBITED','INVENTORY_DECREMENTED','ORDER_SAVED','STARTED'), step enum ('CART_CHECKED_OUT','COMPENSATED','COMPENSATING','COMPLETED','FAILED','FUNDS_DEBITED','INVENTORY_DECREMENTED','ORDER_SAVED','STARTED') not null, primary key (id))
Hibernate: create table order_items (id integer generated by default as identity, order_id integer not null, product_id integer not null, quantity integer not null check ((quantity>=1)), subtotal float(53) not null, unit_price float(53) not null, product_name varchar(255) not null, primary key (id))
Hibernate: create table orders (cart_id integer not null, id integer generated by default as identity, total_amount float(53) not null, updated_by_employee_id integer, user_id integer not null, ordered_at timestamp(6) not null, updated_at timestamp(6) not null, version bigint not null, order_number varchar(50) not null unique, cancellation_reason varchar(1000), delivery_address varchar(1000) not null, status enum ('CANCELLED','DELIVERED','OUT_FOR_DELIVERY','PLACED','SHIPPED') not null, primary key (id))
Hibernate: alter table if exists order_items add constraint FKbioxgbv59vetrxe0ejfubep1w foreign key (order_id) references orders
2026-09-16T15:08:00.732+05:30  INFO 18564 --- [OrderApp] [           main] j.LocalContainerEntityManagerFactoryBean : Initialized JPA EntityManagerFactory for persistence unit 'default'
2026-09-16T15:08:00.759+05:30  INFO 18564 --- [OrderApp] [           main] c.o.o.repositories.OrderRepositoryTest   : Started OrderRepositoryTest in 0.262 seconds (process running for 7.678)
Hibernate: insert into orders (cancellation_reason,cart_id,delivery_address,order_number,ordered_at,status,total_amount,updated_at,updated_by_employee_id,user_id,version,id) values (?,?,?,?,?,?,?,?,?,?,?,default)
Hibernate: insert into orders (cancellation_reason,cart_id,delivery_address,order_number,ordered_at,status,total_amount,updated_at,updated_by_employee_id,user_id,version,id) values (?,?,?,?,?,?,?,?,?,?,?,default)
Hibernate: select o1_0.id,o1_0.cancellation_reason,o1_0.cart_id,o1_0.delivery_address,i1_0.order_id,i1_0.id,i1_0.product_id,i1_0.product_name,i1_0.quantity,i1_0.subtotal,i1_0.unit_price,o1_0.order_number,o1_0.ordered_at,o1_0.status,o1_0.total_amount,o1_0.updated_at,o1_0.updated_by_employee_id,o1_0.user_id,o1_0.version from orders o1_0 left join order_items i1_0 on o1_0.id=i1_0.order_id where o1_0.user_id=? order by o1_0.ordered_at desc
]]></system-out>
  </testcase>
  <testcase name="ambiguousDebitTimeoutIsRefundedAndReplayedWithTheOriginalStatus" classname="com.oracle.orderapp.services.CheckoutServiceImplTest" time="0.008"/>
  <testcase name="blankProductNameInInventorySnapshotIsRejectedAndInventoryIsRestored" classname="com.oracle.orderapp.services.CheckoutServiceImplTest" time="0.003"/>
  <testcase name="checkoutPersistsPlacedOrderFromDownstreamSnapshots" classname="com.oracle.orderapp.services.CheckoutServiceImplTest" time="0.004"/>
  <testcase name="failureBeforeCartCheckoutDoesNotRestoreAnUnchangedCart" classname="com.oracle.orderapp.services.CheckoutServiceImplTest" time="0.004"/>
  <testcase name="incompleteCompensationReturnsServiceUnavailableAndStillTriesAllReverseSteps" classname="com.oracle.orderapp.services.CheckoutServiceImplTest" time="0.006"/>
  <testcase name="insufficientFundsRestoresInventoryAndDoesNotSaveOrder" classname="com.oracle.orderapp.services.CheckoutServiceImplTest" time="0.002"/>
  <testcase name="invalidRefundAcknowledgementLeavesCompensationIncomplete" classname="com.oracle.orderapp.services.CheckoutServiceImplTest" time="0.002"/>
  <testcase name="orderSaveFailureRefundsTheExactDebitedAmountThenRestoresInventory" classname="com.oracle.orderapp.services.CheckoutServiceImplTest" time="0.001"/>
  <testcase name="resumesAnOrderSavedAttemptWithoutRepeatingInventoryOrFunds" classname="com.oracle.orderapp.services.CheckoutServiceImplTest" time="0.003"/>
  <testcase name="retryReconcilesCartCheckedOutBeforeItsStepWasPersisted" classname="com.oracle.orderapp.services.CheckoutServiceImplTest" time="0.003"/>
  <testcase name="cancellationRejectsNonFiniteRefundAcknowledgement" classname="com.oracle.orderapp.services.OrderManagementServiceImplTest" time="0.001"/>
  <testcase name="cancellationRestoresInventoryRefundsFundsAndCancelsOrder" classname="com.oracle.orderapp.services.OrderManagementServiceImplTest" time="0.002"/>
  <testcase name="cancellationRetryAfterInventoryRestoreDoesNotRestoreStockTwice" classname="com.oracle.orderapp.services.OrderManagementServiceImplTest" time="0.002"/>
  <testcase name="differentKeyCannotStartASecondCancellationForTheSameOrder" classname="com.oracle.orderapp.services.OrderManagementServiceImplTest" time="0.001"/>
  <testcase name="employeeAdvancesOrderToNextStatus" classname="com.oracle.orderapp.services.OrderManagementServiceImplTest" time="0.001"/>
  <testcase name="rejectsAnInvertedReportRange" classname="com.oracle.orderapp.services.OrderQueryServiceImplTest" time="0.001"/>
  <testcase name="verifiedEmployeeReceivesRoundedReportAggregation" classname="com.oracle.orderapp.services.OrderQueryServiceImplTest" time="0.002"/>
</testsuite>