<?xml version="1.0" encoding="UTF-8"?>
<testsuite xmlns:xsi="http://www.w3.org/2001/XMLSchema-instance" xsi:noNamespaceSchemaLocation="https://maven.apache.org/surefire/maven-surefire-plugin/xsd/surefire-test-report.xsd" version="3.0.2" name="com.oracle.orderapp.OrderAppApplicationTests" time="4.765" tests="1" errors="0" skipped="0" failures="0" flakes="0">
  <properties>
[...]
</properties>
  <testcase name="contextLoads" classname="com.oracle.orderapp.OrderAppApplicationTests" time="0.582">
    <system-out><![CDATA[14:11:20.126 [main] INFO org.springframework.test.context.support.AnnotationConfigContextLoaderUtils -- Could not detect default configuration classes for test class [com.oracle.orderapp.OrderAppApplicationTests]: OrderAppApplicationTests does not declare any static, non-private, non-final, nested classes annotated with @Configuration.
14:11:20.292 [main] INFO org.springframework.boot.test.context.SpringBootTestContextBootstrapper -- Found @SpringBootConfiguration com.oracle.orderapp.OrderAppApplication for test class com.oracle.orderapp.OrderAppApplicationTests
14:11:20.347 [main] INFO org.springframework.test.context.support.AnnotationConfigContextLoaderUtils -- Could not detect default configuration classes for test class [com.oracle.orderapp.OrderAppApplicationTests]: OrderAppApplicationTests does not declare any static, non-private, non-final, nested classes annotated with @Configuration.
14:11:20.348 [main] INFO org.springframework.boot.test.context.SpringBootTestContextBootstrapper -- Found @SpringBootConfiguration com.oracle.orderapp.OrderAppApplication for test class com.oracle.orderapp.OrderAppApplicationTests
14:11:20.406 [main] INFO org.springframework.boot.devtools.restart.RestartApplicationListener -- Restart disabled due to context in which it is running

  .   ____          _            __ _ _
 /\\ / ___'_ __ _ _(_)_ __  __ _ \ \ \ \
( ( )\___ | '_ | '_| | '_ \/ _` | \ \ \ \
 \\/  ___)| |_)| | | | | || (_| |  ) ) ) )
  '  |____| .__|_| |_|_| |_\__, | / / / /
 =========|_|==============|___/=/_/_/_/

 :: Spring Boot ::                (v4.1.1)

2026-09-11T14:11:20.609+05:30  INFO 11532 --- [OrderApp] [           main] c.o.orderapp.OrderAppApplicationTests    : Starting OrderAppApplicationTests using Java 25.0.4 with PID 11532 (started by Pranav Patil in C:\Users\Pranav Patil\Desktop\Project\Backend\OrderApp)
2026-09-11T14:11:20.610+05:30  INFO 11532 --- [OrderApp] [           main] c.o.orderapp.OrderAppApplicationTests    : No active profile set, falling back to 1 default profile: "default"
2026-09-11T14:11:21.097+05:30  INFO 11532 --- [OrderApp] [           main] .s.d.r.c.RepositoryConfigurationDelegate : Bootstrapping Spring Data JPA repositories in DEFAULT mode.
2026-09-11T14:11:21.117+05:30  INFO 11532 --- [OrderApp] [           main] .s.d.r.c.RepositoryConfigurationDelegate : Finished Spring Data repository scanning in 12 ms. Found 0 JPA repository interfaces.
2026-09-11T14:11:21.646+05:30  INFO 11532 --- [OrderApp] [           main] org.hibernate.orm.jpa                    : HHH008540: Processing PersistenceUnitInfo [name: default]
2026-09-11T14:11:21.683+05:30  INFO 11532 --- [OrderApp] [           main] org.hibernate.orm.core                   : HHH000001: Hibernate ORM core version 7.4.5.Final
2026-09-11T14:11:22.035+05:30  INFO 11532 --- [OrderApp] [           main] o.s.o.j.p.SpringPersistenceUnitInfo      : No LoadTimeWeaver setup: ignoring JPA class transformer
2026-09-11T14:11:22.057+05:30  INFO 11532 --- [OrderApp] [           main] com.zaxxer.hikari.HikariDataSource       : HikariPool-1 - Starting...
2026-09-11T14:11:22.059+05:30  WARN 11532 --- [OrderApp] [           main] c.zaxxer.hikari.util.DriverDataSource    : Registered driver with driverClassName=oracle.jdbc.driver.OracleDriver was not found, trying direct instantiation.
2026-09-11T14:11:22.412+05:30  INFO 11532 --- [OrderApp] [           main] com.zaxxer.hikari.pool.HikariPool        : HikariPool-1 - Added connection oracle.jdbc.driver.T4CConnection@558127d2
2026-09-11T14:11:22.415+05:30  INFO 11532 --- [OrderApp] [           main] com.zaxxer.hikari.HikariDataSource       : HikariPool-1 - Start completed.
2026-09-11T14:11:22.646+05:30  WARN 11532 --- [OrderApp] [           main] org.hibernate.orm.jdbc                   : HHH100123: Low default JDBC fetch size: 10 (consider setting 'hibernate.jdbc.fetch_size')
2026-09-11T14:11:22.650+05:30  INFO 11532 --- [OrderApp] [           main] org.hibernate.orm.connections.pooling    : HHH10001005: Database info:
	Database JDBC URL [jdbc:oracle:thin:@localhost:1521:free]
	Database driver: Oracle JDBC driver
	Database dialect: OracleDialect
	Database version: 23.26.2
	Default catalog/schema: undefined/SYSTEM
	Autocommit mode: undefined/unknown
	Isolation level: READ_COMMITTED [default READ_COMMITTED]
	JDBC fetch size: 10
	Pool: DataSourceConnectionProvider
	Minimum pool size: undefined/unknown
	Maximum pool size: undefined/unknown
2026-09-11T14:11:23.270+05:30  INFO 11532 --- [OrderApp] [           main] org.hibernate.orm.core                   : HHH000489: No JTA platform available (set 'hibernate.transaction.jta.platform' to enable JTA platform integration)
Hibernate: drop table if exists order_items cascade constraints
Hibernate: drop table if exists orders cascade constraints
Hibernate: create table order_items (id number(10,0) generated by default as identity, order_id number(10,0) not null, product_id number(10,0) not null, quantity number(10,0) not null, subtotal number(12,2) not null, unit_price number(12,2) not null, product_name varchar2(255 char), primary key (id))
Hibernate: create table orders (cart_id number(10,0), customer_id number(10,0) not null, id number(10,0) generated by default as identity, total_amount number(12,2) not null, updated_by_employee_id number(10,0), ordered_at timestamp(9) not null, updated_at timestamp(9) not null, version number(19,0) not null, status varchar2(30 char) not null check ((status in ('CREATED','PENDING_STOCK','PAYMENT_PENDING','PAYMENT_FAILED','STOCK_REJECTED','PLACED','SHIPPED','OUT_FOR_DELIVERY','DELIVERED','CANCELLED'))), order_number varchar2(50 char) not null unique, cancellation_reason varchar2(1000 char), delivery_address varchar2(1000 char) not null, primary key (id))
Hibernate: alter table if exists order_items add constraint FKbioxgbv59vetrxe0ejfubep1w foreign key (order_id) references orders
2026-09-11T14:11:23.659+05:30  INFO 11532 --- [OrderApp] [           main] j.LocalContainerEntityManagerFactoryBean : Initialized JPA EntityManagerFactory for persistence unit 'default'
2026-09-11T14:11:23.828+05:30  WARN 11532 --- [OrderApp] [           main] JpaBaseConfiguration$JpaWebConfiguration : spring.jpa.open-in-view is enabled by default. Therefore, database queries may be performed during view rendering. Explicitly configure spring.jpa.open-in-view to disable this warning
2026-09-11T14:11:23.859+05:30  INFO 11532 --- [OrderApp] [           main] o.s.v.b.OptionalValidatorFactoryBean     : Failed to set up a Bean Validation provider: jakarta.validation.NoProviderFoundException: Unable to create a Configuration, because no Jakarta Validation provider could be found. Add a provider like Hibernate Validator (RI) to your classpath.
2026-09-11T14:11:24.233+05:30  INFO 11532 --- [OrderApp] [           main] c.o.orderapp.OrderAppApplicationTests    : Started OrderAppApplicationTests in 3.837 seconds (process running for 4.745)
]]></system-out>
    <system-err><![CDATA[Mockito is currently self-attaching to enable the inline-mock-maker. This will no longer work in future releases of the JDK. Please add Mockito as an agent to your build as described in Mockito's documentation: https://javadoc.io/doc/org.mockito/mockito-core/latest/org.mockito/org/mockito/Mockito.html#0.3
WARNING: A Java agent has been loaded dynamically (C:\Users\Pranav Patil\.m2\repository\net\bytebuddy\byte-buddy-agent\1.18.11\byte-buddy-agent-1.18.11.jar)
WARNING: If a serviceability tool is in use, please run with -XX:+EnableDynamicAgentLoading to hide this warning
WARNING: If a serviceability tool is not in use, please run with -Djdk.instrument.traceUsage for more information
WARNING: Dynamic loading of agents will be disallowed by default in a future release
]]></system-err>
  </testcase>
</testsuite>