<?xml version="1.0" encoding="UTF-8"?>
<!-- Generated by org.testng.reporters.JUnitReportReporter -->
<testsuite hostname="akakss-CWHSDC4" failures="0" tests="5" name="com.oracle.orderapp.services.OrderManagementServiceImplTest" time="0.107" errors="0" timestamp="2026-09-16T15:08:01 IST" skipped="0">
  <testcase classname="com.oracle.orderapp.services.OrderManagementServiceImplTest" name="employeeAdvancesOrderToNextStatus" time="0.001"/>
  <testcase classname="com.oracle.orderapp.services.OrderManagementServiceImplTest" name="cancellationRejectsNonFiniteRefundAcknowledgement" time="0.004"/>
  <testcase classname="com.oracle.orderapp.services.OrderManagementServiceImplTest" name="cancellationRetryAfterInventoryRestoreDoesNotRestoreStockTwice" time="0.004"/>
  <testcase classname="com.oracle.orderapp.services.OrderManagementServiceImplTest" name="cancellationRestoresInventoryRefundsFundsAndCancelsOrder" time="0.002"/>
  <testcase classname="com.oracle.orderapp.services.OrderManagementServiceImplTest" name="differentKeyCannotStartASecondCancellationForTheSameOrder" time="0.096"/>
</testsuite> <!-- com.oracle.orderapp.services.OrderManagementServiceImplTest -->
