<?xml version="1.0" encoding="UTF-8"?>
<!-- Generated by org.testng.reporters.JUnitReportReporter -->
<testsuite hostname="akakss-CWHSDC4" failures="0" tests="3" name="com.oracle.orderapp.controllers.OrderControllerTest" time="1.377" errors="0" timestamp="2026-09-16T15:08:01 IST" skipped="0">
  <testcase classname="com.oracle.orderapp.controllers.OrderControllerTest" name="reportUsesUserIdQueryParameter" time="0.019"/>
  <testcase classname="com.oracle.orderapp.controllers.OrderControllerTest" name="missingIdentityHeaderReturnsStandardBadRequestWithoutCallingService" time="1.137"/>
  <testcase classname="com.oracle.orderapp.controllers.OrderControllerTest" name="checkoutUsesRequiredHeadersAndReturnsCreated" time="0.221"/>
</testsuite> <!-- com.oracle.orderapp.controllers.OrderControllerTest -->
