<?xml version="1.0" encoding="UTF-8"?>
<!-- Generated by org.testng.reporters.JUnitReportReporter -->
<testsuite hostname="akakss-CWHSDC4" failures="0" tests="10" name="com.oracle.orderapp.services.CheckoutServiceImplTest" time="0.320" errors="0" timestamp="2026-09-16T15:08:01 IST" skipped="0">
  <testcase classname="com.oracle.orderapp.services.CheckoutServiceImplTest" name="incompleteCompensationReturnsServiceUnavailableAndStillTriesAllReverseSteps" time="0.007"/>
  <testcase classname="com.oracle.orderapp.services.CheckoutServiceImplTest" name="checkoutPersistsPlacedOrderFromDownstreamSnapshots" time="0.005"/>
  <testcase classname="com.oracle.orderapp.services.CheckoutServiceImplTest" name="ambiguousDebitTimeoutIsRefundedAndReplayedWithTheOriginalStatus" time="0.010"/>
  <testcase classname="com.oracle.orderapp.services.CheckoutServiceImplTest" name="orderSaveFailureRefundsTheExactDebitedAmountThenRestoresInventory" time="0.003"/>
  <testcase classname="com.oracle.orderapp.services.CheckoutServiceImplTest" name="insufficientFundsRestoresInventoryAndDoesNotSaveOrder" time="0.005"/>
  <testcase classname="com.oracle.orderapp.services.CheckoutServiceImplTest" name="failureBeforeCartCheckoutDoesNotRestoreAnUnchangedCart" time="0.004"/>
  <testcase classname="com.oracle.orderapp.services.CheckoutServiceImplTest" name="invalidRefundAcknowledgementLeavesCompensationIncomplete" time="0.274"/>
  <testcase classname="com.oracle.orderapp.services.CheckoutServiceImplTest" name="retryReconcilesCartCheckedOutBeforeItsStepWasPersisted" time="0.003"/>
  <testcase classname="com.oracle.orderapp.services.CheckoutServiceImplTest" name="blankProductNameInInventorySnapshotIsRejectedAndInventoryIsRestored" time="0.005"/>
  <testcase classname="com.oracle.orderapp.services.CheckoutServiceImplTest" name="resumesAnOrderSavedAttemptWithoutRepeatingInventoryOrFunds" time="0.004"/>
</testsuite> <!-- com.oracle.orderapp.services.CheckoutServiceImplTest -->
