<?xml version="1.0" encoding="UTF-8"?>
<!-- Generated by org.testng.reporters.JUnitReportReporter -->
<testsuite hostname="akakss-CWHSDC4" failures="0" tests="1" name="com.oracle.orderapp.integration.RestClientsHttpContractTest" time="0.046" errors="0" timestamp="2026-09-16T15:08:01 IST" skipped="0">
  <testcase classname="com.oracle.orderapp.integration.RestClientsHttpContractTest" name="everyAdapterUsesTheDocumentedServicePathAndJsonContract" time="0.046"/>
</testsuite> <!-- com.oracle.orderapp.integration.RestClientsHttpContractTest -->
