<?xml version="1.0" encoding="UTF-8"?>
<!-- Generated by org.testng.reporters.JUnitReportReporter -->
<testsuite hostname="akakss-CWHSDC4" failures="0" tests="2" name="com.oracle.orderapp.services.OrderQueryServiceImplTest" time="0.003" errors="0" timestamp="2026-09-16T15:08:01 IST" skipped="0">
  <testcase classname="com.oracle.orderapp.services.OrderQueryServiceImplTest" name="verifiedEmployeeReceivesRoundedReportAggregation" time="0.002"/>
  <testcase classname="com.oracle.orderapp.services.OrderQueryServiceImplTest" name="rejectsAnInvertedReportRange" time="0.001"/>
</testsuite> <!-- com.oracle.orderapp.services.OrderQueryServiceImplTest -->
