<?xml version="1.0" encoding="UTF-8"?>
<!-- Generated by org.testng.reporters.JUnitReportReporter -->
<testsuite hostname="akakss-CWHSDC4" failures="0" tests="4" name="com.oracle.orderapp.integration.OrderAppHttpOrchestrationTest" time="0.698" errors="0" timestamp="2026-09-16T15:08:01 IST" skipped="0">
  <testcase classname="com.oracle.orderapp.integration.OrderAppHttpOrchestrationTest" name="checkoutPersistsOnceAndDuplicateKeyDoesNotRepeatMutations" time="0.090"/>
  <testcase classname="com.oracle.orderapp.integration.OrderAppHttpOrchestrationTest" name="fundsConflictRestoresInventoryAndLeavesNoOrder" time="0.166"/>
  <testcase classname="com.oracle.orderapp.integration.OrderAppHttpOrchestrationTest" name="cancellationRestoresAndRefundsOnceAcrossDuplicateRequests" time="0.339"/>
  <testcase classname="com.oracle.orderapp.integration.OrderAppHttpOrchestrationTest" name="actuatorHealthEndpointIsAvailable" time="0.103"/>
</testsuite> <!-- com.oracle.orderapp.integration.OrderAppHttpOrchestrationTest -->
